\BOOKMARK [1][-]{section.1}{The project}{}% 1
\BOOKMARK [2][-]{subsection.1.1}{Introduction}{section.1}% 2
\BOOKMARK [2][-]{subsection.1.2}{General organization}{section.1}% 3
\BOOKMARK [2][-]{subsection.1.3}{A Smart-Home Thermostat}{section.1}% 4
\BOOKMARK [1][-]{section.2}{Hardware and Communication Logic}{}% 5
\BOOKMARK [2][-]{subsection.2.1}{Hardware used}{section.2}% 6
\BOOKMARK [3][-]{subsubsection.2.1.1}{ESP32}{subsection.2.1}% 7
\BOOKMARK [3][-]{subsubsection.2.1.2}{Rel\350 module}{subsection.2.1}% 8
\BOOKMARK [3][-]{subsubsection.2.1.3}{IR receiver and transmitter}{subsection.2.1}% 9
\BOOKMARK [3][-]{subsubsection.2.1.4}{Li-Ion batteries and relative power supply circuit}{subsection.2.1}% 10
\BOOKMARK [3][-]{subsubsection.2.1.5}{DHT22 temperature sensor}{subsection.2.1}% 11
\BOOKMARK [2][-]{subsection.2.2}{Communication Logic}{section.2}% 12
\BOOKMARK [3][-]{subsubsection.2.2.1}{Bluetooth}{subsection.2.2}% 13
\BOOKMARK [3][-]{subsubsection.2.2.2}{Wi-Fi}{subsection.2.2}% 14
\BOOKMARK [3][-]{subsubsection.2.2.3}{List of topic used}{subsection.2.2}% 15
\BOOKMARK [2][-]{subsection.2.3}{Connecion}{section.2}% 16
\BOOKMARK [3][-]{subsubsection.2.3.1}{Standard connection}{subsection.2.3}% 17
\BOOKMARK [3][-]{subsubsection.2.3.2}{Reset connection}{subsection.2.3}% 18
\BOOKMARK [1][-]{section.3}{Back-end SW Logic and local Web logic}{}% 19
\BOOKMARK [2][-]{subsubsection.3.0.1}{Database}{section.3}% 20
\BOOKMARK [3][-]{subsubsection.3.0.2}{Web application - server}{subsubsection.3.0.1}% 21
\BOOKMARK [3][-]{subsubsection.3.0.3}{Web application - client}{subsubsection.3.0.1}% 22
\BOOKMARK [3][-]{subsubsection.3.0.4}{MQTT communication}{subsubsection.3.0.1}% 23
\BOOKMARK [1][-]{section.4}{Front-End SW Logic and User Experience}{}% 24
\BOOKMARK [2][-]{subsection.4.1}{Introduction}{section.4}% 25
\BOOKMARK [2][-]{subsection.4.2}{GUI framework and languages used}{section.4}% 26
\BOOKMARK [2][-]{subsection.4.3}{Main Window interface}{section.4}% 27
\BOOKMARK [2][-]{subsection.4.4}{System Settings}{section.4}% 28
\BOOKMARK [2][-]{subsection.4.5}{Local Network connection and related interfaces}{section.4}% 29
\BOOKMARK [2][-]{subsection.4.6}{Rooms related interfaces}{section.4}% 30
\BOOKMARK [2][-]{subsection.4.7}{Sensors module connection and related interfaces}{section.4}% 31
\BOOKMARK [2][-]{subsection.4.8}{Program related interfaces}{section.4}% 32
